<?xml version="1.0" encoding="UTF-8"?>
<testng-results ignored="0" total="1" passed="1" failed="0" skipped="0">
  <reporter-output>
  </reporter-output>
  <suite started-at="2020-09-12T14:10:56Z" name="Default suite" finished-at="2020-09-12T14:10:56Z" duration-ms="57">
    <groups>
    </groups>
    <test started-at="2020-09-12T14:10:56Z" name="Default test" finished-at="2020-09-12T14:10:56Z" duration-ms="57">
      <class name="CursoAuto1.Selenium.AppTest">
        <test-method signature="shouldAnswerWithTrue()[pri:0, instance:CursoAuto1.Selenium.AppTest@36916eb0]" started-at="2020-09-12T09:10:56Z" name="shouldAnswerWithTrue" finished-at="2020-09-12T09:10:56Z" duration-ms="21" status="PASS">
          <reporter-output>
          </reporter-output>
        </test-method> <!-- shouldAnswerWithTrue -->
      </class> <!-- CursoAuto1.Selenium.AppTest -->
    </test> <!-- Default test -->
  </suite> <!-- Default suite -->
</testng-results>
